<?xml version="1.0" encoding="UTF-8"?>
<!-- Generated by org.testng.reporters.JUnitXMLReporter -->
<testsuite ignored="0" hostname="DESKTOP-39CPDM6" failures="0" tests="7" name="Default test" time="31.7" errors="0" timestamp="2022-08-04T09:01:22 IST">
  <testcase classname="com.sgtesting.parameterized.CreateCustomer" name="openbrowser" time="2.67"/>
  <testcase classname="com.sgtesting.parameterized.CreateCustomer" name="navigate" time="4.694"/>
  <testcase classname="com.sgtesting.parameterized.CreateCustomer" name="login" time="7.345"/>
  <testcase classname="com.sgtesting.parameterized.CreateCustomer" name="minimizeflyoutwindow" time="2.106"/>
  <testcase classname="com.sgtesting.parameterized.CreateCustomer" name="createcustomer" time="11.396"/>
  <testcase classname="com.sgtesting.parameterized.CreateCustomer" name="logout" time="3.323"/>
  <testcase classname="com.sgtesting.parameterized.CreateCustomer" name="exit" time="0.112"/>
</testsuite> <!-- Default test -->
