<?xml version="1.0" encoding="UTF-8"?>
<!-- Generated by org.testng.reporters.JUnitXMLReporter -->
<testsuite ignored="3" hostname="DESKTOP-39CPDM6" failures="0" tests="63" name="Test" time="322.085" errors="0" timestamp="2022-07-27T11:11:34 IST">
  <testcase classname="com.sgtesting.tests.CreateProject" name="launchBrowser" time="5.076"/>
  <testcase classname="com.sgtesting.tests.CreateProject" name="navigate" time="3.911"/>
  <testcase classname="com.sgtesting.tests.CreateProject" name="login" time="9.242"/>
  <testcase classname="com.sgtesting.tests.CreateProject" name="minimizeflyoutwindow" time="2.063"/>
  <testcase classname="com.sgtesting.tests.CreateProject" name="createCustomer" time="12.743"/>
  <testcase classname="com.sgtesting.tests.CreateProject" name="createproject" time="9.306"/>
  <testcase classname="com.sgtesting.tests.CreateProject" name="deleteproject" time="8.297"/>
  <testcase classname="com.sgtesting.tests.CreateProject" name="deleteCustomer" time="8.351"/>
  <testcase classname="com.sgtesting.tests.CreateProject" name="logout" time="3.268"/>
  <testcase classname="com.sgtesting.tests.CreateProject" name="exit" time="0.082"/>
  <testcase classname="com.sgtesting.tests.CreateTask" name="launchBrowser" time="2.764"/>
  <testcase classname="com.sgtesting.tests.CreateTask" name="navigate" time="3.776"/>
  <testcase classname="com.sgtesting.tests.CreateTask" name="login" time="7.188"/>
  <testcase classname="com.sgtesting.tests.CreateTask" name="minimizeflyoutwindow" time="2.051"/>
  <testcase classname="com.sgtesting.tests.CreateTask" name="createCustomer" time="12.588"/>
  <testcase classname="com.sgtesting.tests.CreateTask" name="createproject" time="8.262"/>
  <testcase classname="com.sgtesting.tests.CreateTask" name="createtask" time="11.371"/>
  <testcase classname="com.sgtesting.tests.CreateTask" name="deletetask" time="4.188"/>
  <testcase classname="com.sgtesting.tests.CreateTask" name="deleteproject" time="8.275"/>
  <testcase classname="com.sgtesting.tests.CreateTask" name="deletecustomer" time="9.226"/>
  <testcase classname="com.sgtesting.tests.CreateTask" name="logout" time="3.214"/>
  <testcase classname="com.sgtesting.tests.CreateTask" name="exit" time="0.119"/>
  <testcase classname="com.sgtesting.tests.ModifyUser" name="launchBrowser" time="0.666"/>
  <testcase classname="com.sgtesting.tests.ModifyUser" name="navigate" time="5.598"/>
  <testcase classname="com.sgtesting.tests.ModifyUser" name="login" time="7.145"/>
  <testcase classname="com.sgtesting.tests.ModifyUser" name="minimize" time="1.051"/>
  <testcase classname="com.sgtesting.tests.ModifyUser" name="createuser" time="11.035"/>
  <testcase classname="com.sgtesting.tests.ModifyUser" name="modify" time="7.241"/>
  <testcase classname="com.sgtesting.tests.ModifyUser" name="deleteuser" time="9.137"/>
  <testcase classname="com.sgtesting.tests.ModifyUser" name="logout" time="9.221"/>
  <testcase classname="com.sgtesting.tests.ModifyUser" name="exit" time="0.088"/>
  <testcase classname="com.sgtesting.tests.ModifyProject" name="launchBrowser" time="2.674"/>
  <testcase classname="com.sgtesting.tests.ModifyProject" name="navigate" time="3.582"/>
  <testcase classname="com.sgtesting.tests.ModifyProject" name="login" time="5.216"/>
  <testcase classname="com.sgtesting.tests.ModifyProject" name="minimizeflyoutwindow" time="2.059"/>
  <testcase classname="com.sgtesting.tests.ModifyProject" name="createCustomer" time="6.643"/>
  <testcase classname="com.sgtesting.tests.ModifyProject" name="createproject" time="4.209"/>
  <testcase classname="com.sgtesting.tests.ModifyProject" name="modifyproject" time="6.216"/>
  <testcase classname="com.sgtesting.tests.ModifyProject" name="deleteproject" time="8.217"/>
  <testcase classname="com.sgtesting.tests.ModifyProject" name="delete" time="6.236"/>
  <testcase classname="com.sgtesting.tests.ModifyProject" name="logout" time="3.198"/>
  <testcase classname="com.sgtesting.tests.ModifyProject" name="exit" time="0.086"/>
  <testcase classname="com.sgtesting.tests.CreateCustomer" name="openbrowser" time="0.698"/>
  <testcase classname="com.sgtesting.tests.CreateCustomer" name="navigate" time="3.647"/>
  <testcase classname="com.sgtesting.tests.CreateCustomer" name="login" time="7.175"/>
  <testcase classname="com.sgtesting.tests.CreateCustomer" name="minimizeflyoutwindow" time="2.047"/>
  <testcase classname="com.sgtesting.tests.CreateCustomer" name="createcustomer" time="10.795"/>
  <testcase classname="com.sgtesting.tests.CreateCustomer" name="logout" time="3.196"/>
  <testcase classname="com.sgtesting.tests.CreateCustomer" name="exit" time="0.083"/>
  <testcase classname="com.sgtesting.tests.CreateuserScenario" name="launchBrowser" time="0.697"/>
  <testcase classname="com.sgtesting.tests.CreateuserScenario" name="navigate" time="2.556"/>
  <testcase classname="com.sgtesting.tests.CreateuserScenario" name="login" time="4.137"/>
  <testcase classname="com.sgtesting.tests.CreateuserScenario" name="minimizeflyoutwindow" time="2.071"/>
  <testcase classname="com.sgtesting.tests.CreateuserScenario" name="createuser" time="10.886"/>
  <testcase classname="com.sgtesting.tests.ModifyCustomer" name="openbrowser" time="2.7"/>
  <testcase classname="com.sgtesting.tests.ModifyCustomer" name="navigate" time="3.571"/>
  <testcase classname="com.sgtesting.tests.ModifyCustomer" name="login" time="7.178"/>
  <testcase classname="com.sgtesting.tests.ModifyCustomer" name="minimizeflyoutwindow" time="2.062"/>
  <testcase classname="com.sgtesting.tests.ModifyCustomer" name="createtask" time="5.763"/>
  <testcase classname="com.sgtesting.tests.ModifyCustomer" name="modify" time="4.191"/>
  <testcase classname="com.sgtesting.tests.ModifyCustomer" name="delete" time="4.229"/>
  <testcase classname="com.sgtesting.tests.ModifyCustomer" name="logout" time="5.242"/>
  <testcase classname="com.sgtesting.tests.ModifyCustomer" name="exit" time="4.15"/>
  <testcase classname="com.sgtesting.tests.CreateuserScenario" name="deleteuser" time="0.0">
    <ignored/>
  </testcase> <!-- deleteuser -->
  <testcase classname="com.sgtesting.tests.CreateuserScenario" name="exit" time="0.0">
    <ignored/>
  </testcase> <!-- exit -->
  <testcase classname="com.sgtesting.tests.CreateuserScenario" name="logout" time="0.0">
    <ignored/>
  </testcase> <!-- logout -->
</testsuite> <!-- Test -->
