<?xml version="1.0" encoding="UTF-8"?>
<testsuite xmlns:xsi="http://www.w3.org/2001/XMLSchema-instance" xsi:noNamespaceSchemaLocation="https://maven.apache.org/surefire/maven-surefire-plugin/xsd/surefire-test-report-3.0.xsd" version="3.0" name="TestSuite" time="158.638" tests="30" errors="0" skipped="0" failures="0">
  <properties>
[...]
</properties>
  <testcase name="launchBrowser" classname="com.sgtesting.softassertion.SACreateProject" time="1.715">
    <system-err><![CDATA[SLF4J: Failed to load class "org.slf4j.impl.StaticLoggerBinder".
SLF4J: Defaulting to no-operation (NOP) logger implementation
SLF4J: See http://www.slf4j.org/codes.html#StaticLoggerBinder for further details.
Starting ChromeDriver 103.0.5060.53 (a1711811edd74ff1cf2150f36ffa3b0dae40b17f-refs/branch-heads/5060@{#853}) on port 58076
Only local connections are allowed.
Please see https://chromedriver.chromium.org/security-considerations for suggestions on keeping ChromeDriver safe.
ChromeDriver was started successfully.
Jul 30, 2022 12:53:24 AM org.openqa.selenium.remote.ProtocolHandshake createSession
INFO: Detected upstream dialect: W3C
Jul 30, 2022 12:53:25 AM org.openqa.selenium.devtools.CdpVersionFinder findNearestMatch
INFO: Found exact CDP implementation for version 103
]]></system-err>
  </testcase>
  <testcase name="navigate" classname="com.sgtesting.softassertion.SACreateProject" time="4.608">
    <system-out><![CDATA[Navigate successfull
]]></system-out>
  </testcase>
  <testcase name="login" classname="com.sgtesting.softassertion.SACreateProject" time="8.23">
    <system-out><![CDATA[Login successfull
]]></system-out>
  </testcase>
  <testcase name="flyoutwindow" classname="com.sgtesting.softassertion.SACreateProject" time="2.056">
    <system-out><![CDATA[FlyOut successfull
]]></system-out>
  </testcase>
  <testcase name="createcustomer" classname="com.sgtesting.softassertion.SACreateProject" time="10.901">
    <system-out><![CDATA[Create customer successfull
]]></system-out>
  </testcase>
  <testcase name="createproject" classname="com.sgtesting.softassertion.SACreateProject" time="10.367">
    <system-out><![CDATA[Create project successfull
]]></system-out>
  </testcase>
  <testcase name="deleteproject" classname="com.sgtesting.softassertion.SACreateProject" time="8.298">
    <system-out><![CDATA[delete project successfull
]]></system-out>
  </testcase>
  <testcase name="deletecustomer" classname="com.sgtesting.softassertion.SACreateProject" time="8.259">
    <system-out><![CDATA[Delete customer successfull
]]></system-out>
  </testcase>
  <testcase name="logout" classname="com.sgtesting.softassertion.SACreateProject" time="2.232">
    <system-out><![CDATA[Logout successfull
]]></system-out>
  </testcase>
  <testcase name="exit" classname="com.sgtesting.softassertion.SACreateProject" time="0.364"/>
  <testcase name="launchBrowser" classname="com.sgtesting.softassertion.SAModifyProject" time="0.653">
    <system-err><![CDATA[Starting ChromeDriver 103.0.5060.53 (a1711811edd74ff1cf2150f36ffa3b0dae40b17f-refs/branch-heads/5060@{#853}) on port 64588
Only local connections are allowed.
Please see https://chromedriver.chromium.org/security-considerations for suggestions on keeping ChromeDriver safe.
ChromeDriver was started successfully.
Jul 30, 2022 12:54:21 AM org.openqa.selenium.remote.ProtocolHandshake createSession
INFO: Detected upstream dialect: W3C
Jul 30, 2022 12:54:21 AM org.openqa.selenium.devtools.CdpVersionFinder findNearestMatch
INFO: Found exact CDP implementation for version 103
]]></system-err>
  </testcase>
  <testcase name="navigate" classname="com.sgtesting.softassertion.SAModifyProject" time="4.572">
    <system-out><![CDATA[Navigate successfull
]]></system-out>
  </testcase>
  <testcase name="login" classname="com.sgtesting.softassertion.SAModifyProject" time="8.224">
    <system-out><![CDATA[Login successfull
]]></system-out>
  </testcase>
  <testcase name="flyoutwindow" classname="com.sgtesting.softassertion.SAModifyProject" time="2.051"/>
  <testcase name="createcustomer" classname="com.sgtesting.softassertion.SAModifyProject" time="10.906">
    <system-out><![CDATA[Create customer successfull
]]></system-out>
  </testcase>
  <testcase name="createproject" classname="com.sgtesting.softassertion.SAModifyProject" time="8.256">
    <system-out><![CDATA[Create project successfull
]]></system-out>
  </testcase>
  <testcase name="modifyproject" classname="com.sgtesting.softassertion.SAModifyProject" time="6.275">
    <system-out><![CDATA[modify project successfull
]]></system-out>
  </testcase>
  <testcase name="deleteproject" classname="com.sgtesting.softassertion.SAModifyProject" time="8.277">
    <system-out><![CDATA[delete project successfull
]]></system-out>
  </testcase>
  <testcase name="deletecustomer" classname="com.sgtesting.softassertion.SAModifyProject" time="8.279">
    <system-out><![CDATA[delete customer successfull
]]></system-out>
  </testcase>
  <testcase name="logout" classname="com.sgtesting.softassertion.SAModifyProject" time="2.247">
    <system-out><![CDATA[Logout successfull
]]></system-out>
  </testcase>
  <testcase name="exit" classname="com.sgtesting.softassertion.SAModifyProject" time="0.241"/>
  <testcase name="openbrowser" classname="com.sgtesting.softassertion.SAModifyCustomer" time="0.691">
    <system-err><![CDATA[Starting ChromeDriver 103.0.5060.53 (a1711811edd74ff1cf2150f36ffa3b0dae40b17f-refs/branch-heads/5060@{#853}) on port 51893
Only local connections are allowed.
Please see https://chromedriver.chromium.org/security-considerations for suggestions on keeping ChromeDriver safe.
ChromeDriver was started successfully.
Jul 30, 2022 12:55:21 AM org.openqa.selenium.remote.ProtocolHandshake createSession
INFO: Detected upstream dialect: W3C
Jul 30, 2022 12:55:21 AM org.openqa.selenium.devtools.CdpVersionFinder findNearestMatch
INFO: Found exact CDP implementation for version 103
]]></system-err>
  </testcase>
  <testcase name="navigate" classname="com.sgtesting.softassertion.SAModifyCustomer" time="0.54">
    <system-out><![CDATA[Navigate successfull
]]></system-out>
  </testcase>
  <testcase name="login" classname="com.sgtesting.softassertion.SAModifyCustomer" time="8.204">
    <system-out><![CDATA[Login successfull
]]></system-out>
  </testcase>
  <testcase name="flyoutwindow" classname="com.sgtesting.softassertion.SAModifyCustomer" time="2.061"/>
  <testcase name="createcustomer" classname="com.sgtesting.softassertion.SAModifyCustomer" time="10.469">
    <system-out><![CDATA[Create customer successfull
]]></system-out>
  </testcase>
  <testcase name="modifycustomer" classname="com.sgtesting.softassertion.SAModifyCustomer" time="6.245">
    <system-out><![CDATA[Modify customer
]]></system-out>
  </testcase>
  <testcase name="deletecustomer" classname="com.sgtesting.softassertion.SAModifyCustomer" time="8.278">
    <system-out><![CDATA[Delete Customer successfull
]]></system-out>
  </testcase>
  <testcase name="logout" classname="com.sgtesting.softassertion.SAModifyCustomer" time="4.53">
    <system-out><![CDATA[Logout successfull
]]></system-out>
  </testcase>
  <testcase name="exit" classname="com.sgtesting.softassertion.SAModifyCustomer" time="0.076">
    <system-err><![CDATA[Jul 30, 2022 12:56:01 AM org.openqa.selenium.remote.http.WebSocket$Listener onError
WARNING: Connection reset
java.net.SocketException: Connection reset
	at java.base/sun.nio.ch.SocketChannelImpl.throwConnectionReset(SocketChannelImpl.java:394)
	at java.base/sun.nio.ch.SocketChannelImpl.read(SocketChannelImpl.java:426)
	at io.netty.buffer.PooledByteBuf.setBytes(PooledByteBuf.java:258)
	at io.netty.buffer.AbstractByteBuf.writeBytes(AbstractByteBuf.java:1132)
	at io.netty.channel.socket.nio.NioSocketChannel.doReadBytes(NioSocketChannel.java:357)
	at io.netty.channel.nio.AbstractNioByteChannel$NioByteUnsafe.read(AbstractNioByteChannel.java:151)
	at io.netty.channel.nio.NioEventLoop.processSelectedKey(NioEventLoop.java:722)
	at io.netty.channel.nio.NioEventLoop.processSelectedKeysOptimized(NioEventLoop.java:658)
	at io.netty.channel.nio.NioEventLoop.processSelectedKeys(NioEventLoop.java:584)
	at io.netty.channel.nio.NioEventLoop.run(NioEventLoop.java:496)
	at io.netty.util.concurrent.SingleThreadEventExecutor$4.run(SingleThreadEventExecutor.java:997)
	at io.netty.util.internal.ThreadExecutorMap$2.run(ThreadExecutorMap.java:74)
	at io.netty.util.concurrent.FastThreadLocalRunnable.run(FastThreadLocalRunnable.java:30)
	at java.base/java.lang.Thread.run(Thread.java:833)

]]></system-err>
  </testcase>
</testsuite>