<?xml version="1.0" encoding="UTF-8"?>
<testng-results ignored="0" total="30" passed="30" failed="0" skipped="0">
  <reporter-output>
  </reporter-output>
  <suite started-at="2022-07-30T00:53:23 IST" name="testcases" finished-at="2022-07-30T00:56:01 IST" duration-ms="158148">
    <groups>
    </groups>
    <test started-at="2022-07-30T00:53:23 IST" name="Scenerios" finished-at="2022-07-30T00:56:01 IST" duration-ms="158148">
      <class name="com.sgtesting.softassertion.SAModifyCustomer">
        <test-method signature="openbrowser()[pri:1, instance:com.sgtesting.softassertion.SAModifyCustomer@3ee37e5a]" started-at="2022-07-30T00:55:20 IST" name="openbrowser" finished-at="2022-07-30T00:55:21 IST" duration-ms="691" status="PASS">
          <reporter-output>
          </reporter-output>
        </test-method> <!-- openbrowser -->
        <test-method signature="navigate()[pri:2, instance:com.sgtesting.softassertion.SAModifyCustomer@3ee37e5a]" started-at="2022-07-30T00:55:21 IST" name="navigate" finished-at="2022-07-30T00:55:21 IST" duration-ms="538" status="PASS">
          <reporter-output>
          </reporter-output>
        </test-method> <!-- navigate -->
        <test-method signature="login()[pri:3, instance:com.sgtesting.softassertion.SAModifyCustomer@3ee37e5a]" started-at="2022-07-30T00:55:21 IST" name="login" finished-at="2022-07-30T00:55:29 IST" duration-ms="8206" status="PASS">
          <reporter-output>
          </reporter-output>
        </test-method> <!-- login -->
        <test-method signature="flyoutwindow()[pri:4, instance:com.sgtesting.softassertion.SAModifyCustomer@3ee37e5a]" started-at="2022-07-30T00:55:29 IST" name="flyoutwindow" finished-at="2022-07-30T00:55:31 IST" duration-ms="2062" status="PASS">
          <reporter-output>
          </reporter-output>
        </test-method> <!-- flyoutwindow -->
        <test-method signature="createcustomer()[pri:5, instance:com.sgtesting.softassertion.SAModifyCustomer@3ee37e5a]" started-at="2022-07-30T00:55:31 IST" name="createcustomer" finished-at="2022-07-30T00:55:42 IST" duration-ms="10468" status="PASS">
          <reporter-output>
          </reporter-output>
        </test-method> <!-- createcustomer -->
        <test-method signature="modifycustomer()[pri:6, instance:com.sgtesting.softassertion.SAModifyCustomer@3ee37e5a]" started-at="2022-07-30T00:55:42 IST" name="modifycustomer" finished-at="2022-07-30T00:55:48 IST" duration-ms="6243" status="PASS">
          <reporter-output>
          </reporter-output>
        </test-method> <!-- modifycustomer -->
        <test-method signature="deletecustomer()[pri:7, instance:com.sgtesting.softassertion.SAModifyCustomer@3ee37e5a]" started-at="2022-07-30T00:55:48 IST" name="deletecustomer" finished-at="2022-07-30T00:55:56 IST" duration-ms="8277" status="PASS">
          <reporter-output>
          </reporter-output>
        </test-method> <!-- deletecustomer -->
        <test-method signature="logout()[pri:7, instance:com.sgtesting.softassertion.SAModifyCustomer@3ee37e5a]" started-at="2022-07-30T00:55:56 IST" name="logout" finished-at="2022-07-30T00:56:01 IST" duration-ms="4531" status="PASS">
          <reporter-output>
          </reporter-output>
        </test-method> <!-- logout -->
        <test-method signature="exit()[pri:8, instance:com.sgtesting.softassertion.SAModifyCustomer@3ee37e5a]" started-at="2022-07-30T00:56:01 IST" name="exit" finished-at="2022-07-30T00:56:01 IST" duration-ms="73" status="PASS">
          <reporter-output>
          </reporter-output>
        </test-method> <!-- exit -->
      </class> <!-- com.sgtesting.softassertion.SAModifyCustomer -->
      <class name="com.sgtesting.softassertion.SAModifyProject">
        <test-method signature="launchBrowser()[pri:1, instance:com.sgtesting.softassertion.SAModifyProject@2805d709]" started-at="2022-07-30T00:54:20 IST" name="launchBrowser" finished-at="2022-07-30T00:54:21 IST" duration-ms="653" status="PASS">
          <reporter-output>
          </reporter-output>
        </test-method> <!-- launchBrowser -->
        <test-method signature="navigate()[pri:2, instance:com.sgtesting.softassertion.SAModifyProject@2805d709]" started-at="2022-07-30T00:54:21 IST" name="navigate" finished-at="2022-07-30T00:54:25 IST" duration-ms="4571" status="PASS">
          <reporter-output>
          </reporter-output>
        </test-method> <!-- navigate -->
        <test-method signature="login()[pri:3, instance:com.sgtesting.softassertion.SAModifyProject@2805d709]" started-at="2022-07-30T00:54:25 IST" name="login" finished-at="2022-07-30T00:54:33 IST" duration-ms="8224" status="PASS">
          <reporter-output>
          </reporter-output>
        </test-method> <!-- login -->
        <test-method signature="flyoutwindow()[pri:4, instance:com.sgtesting.softassertion.SAModifyProject@2805d709]" started-at="2022-07-30T00:54:33 IST" name="flyoutwindow" finished-at="2022-07-30T00:54:35 IST" duration-ms="2050" status="PASS">
          <reporter-output>
          </reporter-output>
        </test-method> <!-- flyoutwindow -->
        <test-method signature="createcustomer()[pri:5, instance:com.sgtesting.softassertion.SAModifyProject@2805d709]" started-at="2022-07-30T00:54:35 IST" name="createcustomer" finished-at="2022-07-30T00:54:46 IST" duration-ms="10905" status="PASS">
          <reporter-output>
          </reporter-output>
        </test-method> <!-- createcustomer -->
        <test-method signature="createproject()[pri:6, instance:com.sgtesting.softassertion.SAModifyProject@2805d709]" started-at="2022-07-30T00:54:46 IST" name="createproject" finished-at="2022-07-30T00:54:55 IST" duration-ms="8255" status="PASS">
          <reporter-output>
          </reporter-output>
        </test-method> <!-- createproject -->
        <test-method signature="modifyproject()[pri:7, instance:com.sgtesting.softassertion.SAModifyProject@2805d709]" started-at="2022-07-30T00:54:55 IST" name="modifyproject" finished-at="2022-07-30T00:55:01 IST" duration-ms="6274" status="PASS">
          <reporter-output>
          </reporter-output>
        </test-method> <!-- modifyproject -->
        <test-method signature="deleteproject()[pri:8, instance:com.sgtesting.softassertion.SAModifyProject@2805d709]" started-at="2022-07-30T00:55:01 IST" name="deleteproject" finished-at="2022-07-30T00:55:09 IST" duration-ms="8275" status="PASS">
          <reporter-output>
          </reporter-output>
        </test-method> <!-- deleteproject -->
        <test-method signature="deletecustomer()[pri:9, instance:com.sgtesting.softassertion.SAModifyProject@2805d709]" started-at="2022-07-30T00:55:09 IST" name="deletecustomer" finished-at="2022-07-30T00:55:17 IST" duration-ms="8278" status="PASS">
          <reporter-output>
          </reporter-output>
        </test-method> <!-- deletecustomer -->
        <test-method signature="logout()[pri:10, instance:com.sgtesting.softassertion.SAModifyProject@2805d709]" started-at="2022-07-30T00:55:17 IST" name="logout" finished-at="2022-07-30T00:55:20 IST" duration-ms="2245" status="PASS">
          <reporter-output>
          </reporter-output>
        </test-method> <!-- logout -->
        <test-method signature="exit()[pri:11, instance:com.sgtesting.softassertion.SAModifyProject@2805d709]" started-at="2022-07-30T00:55:20 IST" name="exit" finished-at="2022-07-30T00:55:20 IST" duration-ms="241" status="PASS">
          <reporter-output>
          </reporter-output>
        </test-method> <!-- exit -->
      </class> <!-- com.sgtesting.softassertion.SAModifyProject -->
      <class name="com.sgtesting.softassertion.SACreateProject">
        <test-method signature="launchBrowser()[pri:1, instance:com.sgtesting.softassertion.SACreateProject@306e95ec]" started-at="2022-07-30T00:53:23 IST" name="launchBrowser" finished-at="2022-07-30T00:53:25 IST" duration-ms="1716" status="PASS">
          <reporter-output>
          </reporter-output>
        </test-method> <!-- launchBrowser -->
        <test-method signature="navigate()[pri:2, instance:com.sgtesting.softassertion.SACreateProject@306e95ec]" started-at="2022-07-30T00:53:25 IST" name="navigate" finished-at="2022-07-30T00:53:29 IST" duration-ms="4606" status="PASS">
          <reporter-output>
          </reporter-output>
        </test-method> <!-- navigate -->
        <test-method signature="login()[pri:3, instance:com.sgtesting.softassertion.SACreateProject@306e95ec]" started-at="2022-07-30T00:53:29 IST" name="login" finished-at="2022-07-30T00:53:37 IST" duration-ms="8229" status="PASS">
          <reporter-output>
          </reporter-output>
        </test-method> <!-- login -->
        <test-method signature="flyoutwindow()[pri:4, instance:com.sgtesting.softassertion.SACreateProject@306e95ec]" started-at="2022-07-30T00:53:37 IST" name="flyoutwindow" finished-at="2022-07-30T00:53:40 IST" duration-ms="2055" status="PASS">
          <reporter-output>
          </reporter-output>
        </test-method> <!-- flyoutwindow -->
        <test-method signature="createcustomer()[pri:5, instance:com.sgtesting.softassertion.SACreateProject@306e95ec]" started-at="2022-07-30T00:53:40 IST" name="createcustomer" finished-at="2022-07-30T00:53:50 IST" duration-ms="10901" status="PASS">
          <reporter-output>
          </reporter-output>
        </test-method> <!-- createcustomer -->
        <test-method signature="createproject()[pri:6, instance:com.sgtesting.softassertion.SACreateProject@306e95ec]" started-at="2022-07-30T00:53:50 IST" name="createproject" finished-at="2022-07-30T00:54:01 IST" duration-ms="10365" status="PASS">
          <reporter-output>
          </reporter-output>
        </test-method> <!-- createproject -->
        <test-method signature="deleteproject()[pri:7, instance:com.sgtesting.softassertion.SACreateProject@306e95ec]" started-at="2022-07-30T00:54:01 IST" name="deleteproject" finished-at="2022-07-30T00:54:09 IST" duration-ms="8298" status="PASS">
          <reporter-output>
          </reporter-output>
        </test-method> <!-- deleteproject -->
        <test-method signature="deletecustomer()[pri:8, instance:com.sgtesting.softassertion.SACreateProject@306e95ec]" started-at="2022-07-30T00:54:09 IST" name="deletecustomer" finished-at="2022-07-30T00:54:17 IST" duration-ms="8258" status="PASS">
          <reporter-output>
          </reporter-output>
        </test-method> <!-- deletecustomer -->
        <test-method signature="logout()[pri:9, instance:com.sgtesting.softassertion.SACreateProject@306e95ec]" started-at="2022-07-30T00:54:17 IST" name="logout" finished-at="2022-07-30T00:54:20 IST" duration-ms="2231" status="PASS">
          <reporter-output>
          </reporter-output>
        </test-method> <!-- logout -->
        <test-method signature="exit()[pri:10, instance:com.sgtesting.softassertion.SACreateProject@306e95ec]" started-at="2022-07-30T00:54:20 IST" name="exit" finished-at="2022-07-30T00:54:20 IST" duration-ms="363" status="PASS">
          <reporter-output>
          </reporter-output>
        </test-method> <!-- exit -->
      </class> <!-- com.sgtesting.softassertion.SACreateProject -->
    </test> <!-- Scenerios -->
  </suite> <!-- testcases -->
</testng-results>
