<?xml version="1.0" encoding="UTF-8"?>
<!-- Generated by org.testng.reporters.JUnitXMLReporter -->
<testsuite ignored="0" hostname="DESKTOP-39CPDM6" failures="0" tests="4" name="Scenerios" time="0.062" errors="0" timestamp="2022-07-28T09:57:13 IST">
  <testcase classname="com.sgtesting.tests.Testcases" name="method1" time="0.011"/>
  <testcase classname="com.sgtesting.tests.Testcases" name="method2" time="0.002"/>
  <testcase classname="com.sgtesting.tests.Testcases" name="method3" time="0.001"/>
  <testcase classname="com.sgtesting.tests.Testcases" name="method4" time="0.002"/>
</testsuite> <!-- Scenerios -->
