<?xml version="1.0" encoding="UTF-8"?>
<!-- Generated by org.testng.reporters.JUnitXMLReporter -->
<testsuite ignored="0" hostname="DESKTOP-39CPDM6" failures="0" tests="30" name="Scenerios" time="158.148" errors="0" timestamp="2022-07-30T00:56:01 IST">
  <testcase classname="com.sgtesting.softassertion.SACreateProject" name="launchBrowser" time="1.716"/>
  <testcase classname="com.sgtesting.softassertion.SACreateProject" name="navigate" time="4.606"/>
  <testcase classname="com.sgtesting.softassertion.SACreateProject" name="login" time="8.229"/>
  <testcase classname="com.sgtesting.softassertion.SACreateProject" name="flyoutwindow" time="2.055"/>
  <testcase classname="com.sgtesting.softassertion.SACreateProject" name="createcustomer" time="10.901"/>
  <testcase classname="com.sgtesting.softassertion.SACreateProject" name="createproject" time="10.365"/>
  <testcase classname="com.sgtesting.softassertion.SACreateProject" name="deleteproject" time="8.298"/>
  <testcase classname="com.sgtesting.softassertion.SACreateProject" name="deletecustomer" time="8.258"/>
  <testcase classname="com.sgtesting.softassertion.SACreateProject" name="logout" time="2.231"/>
  <testcase classname="com.sgtesting.softassertion.SACreateProject" name="exit" time="0.363"/>
  <testcase classname="com.sgtesting.softassertion.SAModifyProject" name="launchBrowser" time="0.653"/>
  <testcase classname="com.sgtesting.softassertion.SAModifyProject" name="navigate" time="4.571"/>
  <testcase classname="com.sgtesting.softassertion.SAModifyProject" name="login" time="8.224"/>
  <testcase classname="com.sgtesting.softassertion.SAModifyProject" name="flyoutwindow" time="2.05"/>
  <testcase classname="com.sgtesting.softassertion.SAModifyProject" name="createcustomer" time="10.905"/>
  <testcase classname="com.sgtesting.softassertion.SAModifyProject" name="createproject" time="8.255"/>
  <testcase classname="com.sgtesting.softassertion.SAModifyProject" name="modifyproject" time="6.274"/>
  <testcase classname="com.sgtesting.softassertion.SAModifyProject" name="deleteproject" time="8.275"/>
  <testcase classname="com.sgtesting.softassertion.SAModifyProject" name="deletecustomer" time="8.278"/>
  <testcase classname="com.sgtesting.softassertion.SAModifyProject" name="logout" time="2.245"/>
  <testcase classname="com.sgtesting.softassertion.SAModifyProject" name="exit" time="0.241"/>
  <testcase classname="com.sgtesting.softassertion.SAModifyCustomer" name="openbrowser" time="0.691"/>
  <testcase classname="com.sgtesting.softassertion.SAModifyCustomer" name="navigate" time="0.538"/>
  <testcase classname="com.sgtesting.softassertion.SAModifyCustomer" name="login" time="8.206"/>
  <testcase classname="com.sgtesting.softassertion.SAModifyCustomer" name="flyoutwindow" time="2.062"/>
  <testcase classname="com.sgtesting.softassertion.SAModifyCustomer" name="createcustomer" time="10.468"/>
  <testcase classname="com.sgtesting.softassertion.SAModifyCustomer" name="modifycustomer" time="6.243"/>
  <testcase classname="com.sgtesting.softassertion.SAModifyCustomer" name="deletecustomer" time="8.277"/>
  <testcase classname="com.sgtesting.softassertion.SAModifyCustomer" name="logout" time="4.531"/>
  <testcase classname="com.sgtesting.softassertion.SAModifyCustomer" name="exit" time="0.073"/>
</testsuite> <!-- Scenerios -->
